  Main.cpp
Main.obj : error LNK2001: неразрешенный внешний символ "__imp_glClear"
glfw3.lib(win32_init.obj) : error LNK2001: неразрешенный внешний символ "__imp_TranslateMessage"
glfw3.lib(win32_window.obj) : error LNK2001: неразрешенный внешний символ "__imp_TranslateMessage"
glfw3.lib(win32_init.obj) : error LNK2001: неразрешенный внешний символ "__imp_DispatchMessageW"
glfw3.lib(win32_window.obj) : error LNK2001: неразрешенный внешний символ "__imp_DispatchMessageW"
glfw3.lib(win32_init.obj) : error LNK2001: неразрешенный внешний символ "__imp_PeekMessageW"
glfw3.lib(win32_window.obj) : error LNK2001: неразрешенный внешний символ "__imp_PeekMessageW"
glfw3.lib(win32_init.obj) : error LNK2001: неразрешенный внешний символ "__imp_RegisterDeviceNotificationW"
glfw3.lib(win32_init.obj) : error LNK2001: неразрешенный внешний символ "__imp_UnregisterDeviceNotification"
glfw3.lib(win32_init.obj) : error LNK2001: неразрешенный внешний символ "__imp_CreateWindowExW"
glfw3.lib(win32_window.obj) : error LNK2001: неразрешенный внешний символ "__imp_CreateWindowExW"
glfw3.lib(win32_init.obj) : error LNK2001: неразрешенный внешний символ "__imp_DestroyWindow"
glfw3.lib(win32_window.obj) : error LNK2001: неразрешенный внешний символ "__imp_DestroyWindow"
glfw3.lib(win32_init.obj) : error LNK2001: неразрешенный внешний символ "__imp_ShowWindow"
glfw3.lib(win32_window.obj) : error LNK2001: неразрешенный внешний символ "__imp_ShowWindow"
glfw3.lib(win32_init.obj) : error LNK2001: неразрешенный внешний символ "__imp_ToUnicode"
glfw3.lib(win32_init.obj) : error LNK2001: неразрешенный внешний символ "__imp_MapVirtualKeyW"
glfw3.lib(win32_window.obj) : error LNK2001: неразрешенный внешний символ "__imp_MapVirtualKeyW"
glfw3.lib(win32_init.obj) : error LNK2001: неразрешенный внешний символ "__imp_SystemParametersInfoW"
glfw3.lib(win32_window.obj) : error LNK2001: неразрешенный внешний символ "__imp_SystemParametersInfoW"
glfw3.lib(win32_monitor.obj) : error LNK2001: неразрешенный внешний символ "__imp_CreateDCW"
glfw3.lib(win32_monitor.obj) : error LNK2001: неразрешенный внешний символ "__imp_DeleteDC"
glfw3.lib(win32_monitor.obj) : error LNK2001: неразрешенный внешний символ "__imp_GetDeviceCaps"
glfw3.lib(win32_monitor.obj) : error LNK2001: неразрешенный внешний символ "__imp_GetDeviceGammaRamp"
glfw3.lib(win32_monitor.obj) : error LNK2001: неразрешенный внешний символ "__imp_SetDeviceGammaRamp"
glfw3.lib(win32_monitor.obj) : error LNK2001: неразрешенный внешний символ "__imp_GetDC"
glfw3.lib(win32_window.obj) : error LNK2001: неразрешенный внешний символ "__imp_GetDC"
glfw3.lib(wgl_context.obj) : error LNK2001: неразрешенный внешний символ "__imp_GetDC"
glfw3.lib(win32_monitor.obj) : error LNK2001: неразрешенный внешний символ "__imp_ReleaseDC"
glfw3.lib(win32_window.obj) : error LNK2001: неразрешенный внешний символ "__imp_ReleaseDC"
glfw3.lib(win32_monitor.obj) : error LNK2001: неразрешенный внешний символ "__imp_ChangeDisplaySettingsExW"
glfw3.lib(win32_monitor.obj) : error LNK2001: неразрешенный внешний символ "__imp_EnumDisplaySettingsW"
glfw3.lib(win32_monitor.obj) : error LNK2001: неразрешенный внешний символ "__imp_EnumDisplaySettingsExW"
glfw3.lib(win32_monitor.obj) : error LNK2001: неразрешенный внешний символ "__imp_EnumDisplayDevicesW"
glfw3.lib(win32_monitor.obj) : error LNK2001: неразрешенный внешний символ "__imp_GetMonitorInfoW"
glfw3.lib(win32_window.obj) : error LNK2001: неразрешенный внешний символ "__imp_GetMonitorInfoW"
glfw3.lib(win32_monitor.obj) : error LNK2001: неразрешенный внешний символ "__imp_EnumDisplayMonitors"
glfw3.lib(win32_window.obj) : error LNK2001: неразрешенный внешний символ "__imp_CreateBitmap"
glfw3.lib(win32_window.obj) : error LNK2001: неразрешенный внешний символ "__imp_CreateRectRgn"
glfw3.lib(win32_window.obj) : error LNK2001: неразрешенный внешний символ "__imp_DeleteObject"
glfw3.lib(win32_window.obj) : error LNK2001: неразрешенный внешний символ "__imp_CreateDIBSection"
glfw3.lib(win32_window.obj) : error LNK2001: неразрешенный внешний символ "__imp_TrackMouseEvent"
glfw3.lib(win32_window.obj) : error LNK2001: неразрешенный внешний символ "__imp_GetMessageTime"
glfw3.lib(win32_window.obj) : error LNK2001: неразрешенный внешний символ "__imp_SendMessageW"
glfw3.lib(win32_window.obj) : error LNK2001: неразрешенный внешний символ "__imp_PostMessageW"
glfw3.lib(win32_window.obj) : error LNK2001: неразрешенный внешний символ "__imp_WaitMessage"
glfw3.lib(win32_window.obj) : error LNK2001: неразрешенный внешний символ "__imp_DefWindowProcW"
glfw3.lib(win32_window.obj) : error LNK2001: неразрешенный внешний символ "__imp_UnregisterClassW"
glfw3.lib(win32_window.obj) : error LNK2001: неразрешенный внешний символ "__imp_RegisterClassExW"
glfw3.lib(win32_window.obj) : error LNK2001: неразрешенный внешний символ "__imp_GetLayeredWindowAttributes"
glfw3.lib(win32_window.obj) : error LNK2001: неразрешенный внешний символ "__imp_SetLayeredWindowAttributes"
glfw3.lib(win32_window.obj) : error LNK2001: неразрешенный внешний символ "__imp_FlashWindow"
glfw3.lib(win32_window.obj) : error LNK2001: неразрешенный внешний символ "__imp_MoveWindow"
glfw3.lib(win32_window.obj) : error LNK2001: неразрешенный внешний символ "__imp_SetWindowPos"
glfw3.lib(win32_window.obj) : error LNK2001: неразрешенный внешний символ "__imp_GetWindowPlacement"
glfw3.lib(win32_window.obj) : error LNK2001: неразрешенный внешний символ "__imp_SetWindowPlacement"
glfw3.lib(win32_window.obj) : error LNK2001: неразрешенный внешний символ "__imp_IsWindowVisible"
glfw3.lib(win32_window.obj) : error LNK2001: неразрешенный внешний символ "__imp_IsIconic"
glfw3.lib(win32_window.obj) : error LNK2001: неразрешенный внешний символ "__imp_BringWindowToTop"
glfw3.lib(win32_window.obj) : error LNK2001: неразрешенный внешний символ "__imp_IsZoomed"
glfw3.lib(win32_window.obj) : error LNK2001: неразрешенный внешний символ "__imp_OpenClipboard"
glfw3.lib(win32_window.obj) : error LNK2001: неразрешенный внешний символ "__imp_CloseClipboard"
glfw3.lib(win32_window.obj) : error LNK2001: неразрешенный внешний символ "__imp_SetClipboardData"
glfw3.lib(win32_window.obj) : error LNK2001: неразрешенный внешний символ "__imp_GetClipboardData"
glfw3.lib(win32_window.obj) : error LNK2001: неразрешенный внешний символ "__imp_EmptyClipboard"
glfw3.lib(win32_window.obj) : error LNK2001: неразрешенный внешний символ "__imp_SetFocus"
glfw3.lib(win32_window.obj) : error LNK2001: неразрешенный внешний символ "__imp_GetActiveWindow"
glfw3.lib(win32_window.obj) : error LNK2001: неразрешенный внешний символ "__imp_GetKeyState"
glfw3.lib(win32_window.obj) : error LNK2001: неразрешенный внешний символ "__imp_SetCapture"
glfw3.lib(win32_window.obj) : error LNK2001: неразрешенный внешний символ "__imp_ReleaseCapture"
glfw3.lib(win32_window.obj) : error LNK2001: неразрешенный внешний символ "__imp_MsgWaitForMultipleObjects"
glfw3.lib(win32_window.obj) : error LNK2001: неразрешенный внешний символ "__imp_GetSystemMetrics"
glfw3.lib(win32_window.obj) : error LNK2001: неразрешенный внешний символ "__imp_SetForegroundWindow"
glfw3.lib(win32_window.obj) : error LNK2001: неразрешенный внешний символ "__imp_RedrawWindow"
glfw3.lib(win32_window.obj) : error LNK2001: неразрешенный внешний символ "__imp_SetPropW"
glfw3.lib(win32_window.obj) : error LNK2001: неразрешенный внешний символ "__imp_GetPropW"
glfw3.lib(win32_window.obj) : error LNK2001: неразрешенный внешний символ "__imp_RemovePropW"
glfw3.lib(win32_window.obj) : error LNK2001: неразрешенный внешний символ "__imp_SetWindowTextW"
glfw3.lib(win32_window.obj) : error LNK2001: неразрешенный внешний символ "__imp_GetClientRect"
glfw3.lib(win32_window.obj) : error LNK2001: неразрешенный внешний символ "__imp_GetWindowRect"
glfw3.lib(win32_window.obj) : error LNK2001: неразрешенный внешний символ "__imp_AdjustWindowRectEx"
glfw3.lib(win32_window.obj) : error LNK2001: неразрешенный внешний символ "__imp_SetCursorPos"
glfw3.lib(win32_window.obj) : error LNK2001: неразрешенный внешний символ "__imp_SetCursor"
glfw3.lib(win32_window.obj) : error LNK2001: неразрешенный внешний символ "__imp_GetCursorPos"
glfw3.lib(win32_window.obj) : error LNK2001: неразрешенный внешний символ "__imp_ClientToScreen"
glfw3.lib(win32_window.obj) : error LNK2001: неразрешенный внешний символ "__imp_ScreenToClient"
glfw3.lib(win32_window.obj) : error LNK2001: неразрешенный внешний символ "__imp_WindowFromPoint"
glfw3.lib(win32_window.obj) : error LNK2001: неразрешенный внешний символ "__imp_ClipCursor"
glfw3.lib(win32_window.obj) : error LNK2001: неразрешенный внешний символ "__imp_SetRect"
glfw3.lib(win32_window.obj) : error LNK2001: неразрешенный внешний символ "__imp_PtInRect"
glfw3.lib(win32_window.obj) : error LNK2001: неразрешенный внешний символ "__imp_GetWindowLongW"
glfw3.lib(win32_window.obj) : error LNK2001: неразрешенный внешний символ "__imp_SetWindowLongW"
glfw3.lib(win32_window.obj) : error LNK2001: неразрешенный внешний символ "__imp_GetClassLongPtrW"
glfw3.lib(win32_window.obj) : error LNK2001: неразрешенный внешний символ "__imp_LoadCursorW"
glfw3.lib(win32_window.obj) : error LNK2001: неразрешенный внешний символ "__imp_DestroyIcon"
glfw3.lib(win32_window.obj) : error LNK2001: неразрешенный внешний символ "__imp_LoadImageW"
glfw3.lib(win32_window.obj) : error LNK2001: неразрешенный внешний символ "__imp_CreateIconIndirect"
glfw3.lib(win32_window.obj) : error LNK2001: неразрешенный внешний символ "__imp_MonitorFromWindow"
glfw3.lib(win32_window.obj) : error LNK2001: неразрешенный внешний символ "__imp_GetRawInputData"
glfw3.lib(win32_window.obj) : error LNK2001: неразрешенный внешний символ "__imp_RegisterRawInputDevices"
glfw3.lib(win32_window.obj) : error LNK2001: неразрешенный внешний символ "__imp_DragQueryFileW"
glfw3.lib(win32_window.obj) : error LNK2001: неразрешенный внешний символ "__imp_DragQueryPoint"
glfw3.lib(win32_window.obj) : error LNK2001: неразрешенный внешний символ "__imp_DragFinish"
glfw3.lib(win32_window.obj) : error LNK2001: неразрешенный внешний символ "__imp_DragAcceptFiles"
glfw3.lib(win32_joystick.obj) : error LNK2001: неразрешенный внешний символ "__imp_GetRawInputDeviceInfoA"
glfw3.lib(win32_joystick.obj) : error LNK2001: неразрешенный внешний символ "__imp_GetRawInputDeviceList"
glfw3.lib(wgl_context.obj) : error LNK2001: неразрешенный внешний символ "__imp_ChoosePixelFormat"
glfw3.lib(wgl_context.obj) : error LNK2001: неразрешенный внешний символ "__imp_DescribePixelFormat"
glfw3.lib(wgl_context.obj) : error LNK2001: неразрешенный внешний символ "__imp_SetPixelFormat"
glfw3.lib(wgl_context.obj) : error LNK2001: неразрешенный внешний символ "__imp_SwapBuffers"
C:\Users\Nik\source\repos\Text Editor\x64\Release\Text Editor.exe : fatal error LNK1120: неразрешенных внешних элементов: 98
