  autofit.c
  ftbase.c
  ftbbox.c
  ftbdf.c
  ftbitmap.c
  ftcid.c
  ftfstype.c
  ftgasp.c
  ftglyph.c
  ftgxval.c
  ftinit.c
  ftmm.c
  ftotval.c
  ftpatent.c
  ftpfr.c
  ftstroke.c
  ftsynth.c
  ftsystem.c
  fttype1.c
  ftwinfnt.c
  bdf.c
  ftcache.c
  cff.c
  type1cid.c
  ftgzip.c
  ftlzw.c
  pcf.c
  pfr.c
  psaux.c
C:\Users\Nik\source\repos\Text Editor\GL\freetype-2.10.4\src\base\ftstroke.c(1116): warning C4701: использована потенциально неинициализированная локальная переменная "sigma"
C:\Users\Nik\source\repos\Text Editor\GL\freetype-2.10.4\src\base\ftstroke.c(1021): warning C4701: использована потенциально неинициализированная локальная переменная "sigma"
  pshinter.c
  psmodule.c
  raster.c
  sfnt.c
  smooth.c
  truetype.c
  type1.c
  type42.c
C:\Users\Nik\source\repos\Text Editor\GL\freetype-2.10.4\src\psaux\t1decode.c(1992,27): warning C4267: =: преобразование из "size_t" в "FT_Int"; возможна потеря данных (компилируется исходный файл ..\..\..\src\psaux\psaux.c)
  winfnt.c
C:\Users\Nik\source\repos\Text Editor\GL\freetype-2.10.4\src\smooth\ftgrays.c(1703,26): warning C4267: +=: преобразование из "size_t" в "TCoord"; возможна потеря данных (компилируется исходный файл ..\..\..\src\smooth\smooth.c)
C:\Users\Nik\source\repos\Text Editor\GL\freetype-2.10.4\src\psaux\psintrp.c(1005,29): warning C4267: =: преобразование из "size_t" в "FT_Fast"; возможна потеря данных (компилируется исходный файл ..\..\..\src\psaux\psaux.c)
C:\Users\Nik\source\repos\Text Editor\GL\freetype-2.10.4\src\smooth\ftgrays.c(533): warning C4706: назначение в пределах условного выражения
C:\Users\Nik\source\repos\Text Editor\GL\freetype-2.10.4\src\sfnt\sfdriver.c(859,32): warning C4267: =: преобразование из "size_t" в "FT_UInt"; возможна потеря данных (компилируется исходный файл ..\..\..\src\sfnt\sfnt.c)
C:\Users\Nik\source\repos\Text Editor\GL\freetype-2.10.4\src\sfnt\sfdriver.c(1010,44): warning C4244: функция: преобразование "__int64" в "const unsigned int", возможна потеря данных (компилируется исходный файл ..\..\..\src\sfnt\sfnt.c)
C:\Users\Nik\source\repos\Text Editor\GL\freetype-2.10.4\src\sfnt\sfwoff2.c(317,37): warning C4100: src_size: неиспользованный формальный параметр (компилируется исходный файл ..\..\..\src\sfnt\sfnt.c)
C:\Users\Nik\source\repos\Text Editor\GL\freetype-2.10.4\src\sfnt\sfwoff2.c(316,37): warning C4100: src: неиспользованный формальный параметр (компилируется исходный файл ..\..\..\src\sfnt\sfnt.c)
C:\Users\Nik\source\repos\Text Editor\GL\freetype-2.10.4\src\sfnt\sfwoff2.c(315,37): warning C4100: dst_size: неиспользованный формальный параметр (компилируется исходный файл ..\..\..\src\sfnt\sfnt.c)
C:\Users\Nik\source\repos\Text Editor\GL\freetype-2.10.4\src\sfnt\sfwoff2.c(314,37): warning C4100: dst: неиспользованный формальный параметр (компилируется исходный файл ..\..\..\src\sfnt\sfnt.c)
C:\Users\Nik\source\repos\Text Editor\GL\freetype-2.10.4\src\type42\t42parse.c(832,66): warning C4244: =: преобразование "__int64" в "FT_Int", возможна потеря данных (компилируется исходный файл ..\..\..\src\type42\type42.c)
C:\Users\Nik\source\repos\Text Editor\GL\freetype-2.10.4\src\truetype\ttgload.c(1901,42): warning C4312: приведение типов: преобразование из "unsigned long" в "void *" большего размера (компилируется исходный файл ..\..\..\src\truetype\truetype.c)
C:\Users\Nik\source\repos\Text Editor\GL\freetype-2.10.4\src\type1\t1driver.c(276,51): warning C4267: =: преобразование из "size_t" в "FT_ULong"; возможна потеря данных (компилируется исходный файл ..\..\..\src\type1\type1.c)
C:\Users\Nik\source\repos\Text Editor\GL\freetype-2.10.4\src\type1\t1driver.c(297,58): warning C4267: =: преобразование из "size_t" в "FT_ULong"; возможна потеря данных (компилируется исходный файл ..\..\..\src\type1\type1.c)
C:\Users\Nik\source\repos\Text Editor\GL\freetype-2.10.4\src\type1\t1driver.c(329,65): warning C4267: =: преобразование из "size_t" в "FT_ULong"; возможна потеря данных (компилируется исходный файл ..\..\..\src\type1\type1.c)
C:\Users\Nik\source\repos\Text Editor\GL\freetype-2.10.4\src\type1\t1driver.c(359,23): warning C4267: =: преобразование из "size_t" в "FT_UInt"; возможна потеря данных (компилируется исходный файл ..\..\..\src\type1\type1.c)
C:\Users\Nik\source\repos\Text Editor\GL\freetype-2.10.4\src\type1\t1driver.c(568,59): warning C4267: =: преобразование из "size_t" в "FT_ULong"; возможна потеря данных (компилируется исходный файл ..\..\..\src\type1\type1.c)
C:\Users\Nik\source\repos\Text Editor\GL\freetype-2.10.4\src\type1\t1driver.c(577,58): warning C4267: =: преобразование из "size_t" в "FT_ULong"; возможна потеря данных (компилируется исходный файл ..\..\..\src\type1\type1.c)
C:\Users\Nik\source\repos\Text Editor\GL\freetype-2.10.4\src\type1\t1driver.c(586,61): warning C4267: =: преобразование из "size_t" в "FT_ULong"; возможна потеря данных (компилируется исходный файл ..\..\..\src\type1\type1.c)
C:\Users\Nik\source\repos\Text Editor\GL\freetype-2.10.4\src\type1\t1driver.c(595,63): warning C4267: =: преобразование из "size_t" в "FT_ULong"; возможна потеря данных (компилируется исходный файл ..\..\..\src\type1\type1.c)
C:\Users\Nik\source\repos\Text Editor\GL\freetype-2.10.4\src\type1\t1driver.c(605,58): warning C4267: =: преобразование из "size_t" в "FT_ULong"; возможна потеря данных (компилируется исходный файл ..\..\..\src\type1\type1.c)
C:\Users\Nik\source\repos\Text Editor\GL\freetype-2.10.4\src\type1\t1load.c(1761,68): warning C4244: =: преобразование "__int64" в "FT_Int", возможна потеря данных (компилируется исходный файл ..\..\..\src\type1\type1.c)
C:\Users\Nik\source\repos\Text Editor\GL\freetype-2.10.4\src\type1\t1load.c(1931,40): warning C4244: =: преобразование "__int64" в "FT_Int", возможна потеря данных (компилируется исходный файл ..\..\..\src\type1\type1.c)
C:\Users\Nik\source\repos\Text Editor\GL\freetype-2.10.4\src\truetype\ttgxvar.c(2237): warning C4701: использована потенциально неинициализированная локальная переменная "fvar_head"
  ftdebug.c
     Создается библиотека ..\..\..\objs\x64\Debug\freetype.lib и объект ..\..\..\objs\x64\Debug\freetype.exp
  freetype.vcxproj -> C:\Users\Nik\source\repos\Text Editor\GL\freetype-2.10.4\builds\windows\vc2010\..\..\..\objs\x64\Debug\freetype.dll
